# JRE version: OpenJDK Runtime Environment (8.0_152-b01) (build 1.8.0_152-release-915-b01)
# Java VM: OpenJDK 64-Bit Server VM (25.152-b01 mixed mode windows-amd64 compressed oops)
Heap:
 PSYoungGen      total 463872K, used 48639K [0x00000000e0000000, 0x0000000100000000, 0x0000000100000000)
  eden space 415232K, 0% used [0x00000000e0000000,0x00000000e0000000,0x00000000f9580000)
  from space 48640K, 99% used [0x00000000f9580000,0x00000000fc4ffe38,0x00000000fc500000)
  to   space 60416K, 0% used [0x00000000fc500000,0x00000000fc500000,0x0000000100000000)
 ParOldGen       total 809472K, used 797262K [0x00000000a0000000, 0x00000000d1680000, 0x00000000e0000000)
  object space 809472K, 98% used [0x00000000a0000000,0x00000000d0a93a78,0x00000000d1680000)
 Metaspace       used 121658K, capacity 129722K, committed 131200K, reserved 1163264K
  class space    used 15141K, capacity 16896K, committed 17024K, reserved 1048576K
GC Heap History (10 events):
Event: 8379.656 GC heap after
Heap after GC invocations=244 (full 13):
 PSYoungGen      total 452608K, used 2800K [0x00000000e0000000, 0x00000000ffc00000, 0x0000000100000000)
  eden space 388096K, 0% used [0x00000000e0000000,0x00000000e0000000,0x00000000f7b00000)
  from space 64512K, 4% used [0x00000000f7b00000,0x00000000f7dbc010,0x00000000fba00000)
  to   space 60928K, 0% used [0x00000000fc080000,0x00000000fc080000,0x00000000ffc00000)
 ParOldGen       total 809472K, used 678399K [0x00000000a0000000, 0x00000000d1680000, 0x00000000e0000000)
  object space 809472K, 83% used [0x00000000a0000000,0x00000000c967ff78,0x00000000d1680000)
 Metaspace       used 115857K, capacity 122838K, committed 129792K, reserved 1163264K
  class space    used 14255K, capacity 15709K, committed 16640K, reserved 1048576K
}
Event: 8411.529 GC heap before
{Heap before GC invocations=245 (full 13):
 PSYoungGen      total 452608K, used 390896K [0x00000000e0000000, 0x00000000ffc00000, 0x0000000100000000)
  eden space 388096K, 100% used [0x00000000e0000000,0x00000000f7b00000,0x00000000f7b00000)
  from space 64512K, 4% used [0x00000000f7b00000,0x00000000f7dbc010,0x00000000fba00000)
  to   space 60928K, 0% used [0x00000000fc080000,0x00000000fc080000,0x00000000ffc00000)
 ParOldGen       total 809472K, used 678399K [0x00000000a0000000, 0x00000000d1680000, 0x00000000e0000000)
  object space 809472K, 83% used [0x00000000a0000000,0x00000000c967ff78,0x00000000d1680000)
 Metaspace       used 116857K, capacity 124374K, committed 130176K, reserved 1163264K
  class space    used 14480K, capacity 16100K, committed 16768K, reserved 1048576K
Event: 8411.572 GC heap after
Heap after GC invocations=245 (full 13):
 PSYoungGen      total 452096K, used 13520K [0x00000000e0000000, 0x00000000ff480000, 0x0000000100000000)
  eden space 398848K, 0% used [0x00000000e0000000,0x00000000e0000000,0x00000000f8580000)
  from space 53248K, 25% used [0x00000000fc080000,0x00000000fcdb4010,0x00000000ff480000)
  to   space 56832K, 0% used [0x00000000f8580000,0x00000000f8580000,0x00000000fbd00000)
 ParOldGen       total 809472K, used 679316K [0x00000000a0000000, 0x00000000d1680000, 0x00000000e0000000)
  object space 809472K, 83% used [0x00000000a0000000,0x00000000c9765008,0x00000000d1680000)
 Metaspace       used 116857K, capacity 124374K, committed 130176K, reserved 1163264K
  class space    used 14480K, capacity 16100K, committed 16768K, reserved 1048576K
}
Event: 8447.725 GC heap before
{Heap before GC invocations=246 (full 13):
 PSYoungGen      total 452096K, used 412368K [0x00000000e0000000, 0x00000000ff480000, 0x0000000100000000)
  eden space 398848K, 100% used [0x00000000e0000000,0x00000000f8580000,0x00000000f8580000)
  from space 53248K, 25% used [0x00000000fc080000,0x00000000fcdb4010,0x00000000ff480000)
  to   space 56832K, 0% used [0x00000000f8580000,0x00000000f8580000,0x00000000fbd00000)
 ParOldGen       total 809472K, used 679316K [0x00000000a0000000, 0x00000000d1680000, 0x00000000e0000000)
  object space 809472K, 83% used [0x00000000a0000000,0x00000000c9765008,0x00000000d1680000)
 Metaspace       used 117521K, capacity 125430K, committed 131072K, reserved 1163264K
  class space    used 14607K, capacity 16343K, committed 16896K, reserved 1048576K
Event: 8447.764 GC heap after
Heap after GC invocations=246 (full 13):
 PSYoungGen      total 455680K, used 11784K [0x00000000e0000000, 0x00000000ffa80000, 0x0000000100000000)
  eden space 398848K, 0% used [0x00000000e0000000,0x00000000e0000000,0x00000000f8580000)
  from space 56832K, 20% used [0x00000000f8580000,0x00000000f91021b0,0x00000000fbd00000)
  to   space 52224K, 0% used [0x00000000fc780000,0x00000000fc780000,0x00000000ffa80000)
 ParOldGen       total 809472K, used 690736K [0x00000000a0000000, 0x00000000d1680000, 0x00000000e0000000)
  object space 809472K, 85% used [0x00000000a0000000,0x00000000ca28c190,0x00000000d1680000)
 Metaspace       used 117521K, capacity 125430K, committed 131072K, reserved 1163264K
  class space    used 14607K, capacity 16343K, committed 16896K, reserved 1048576K
}
Event: 8457.672 GC heap before
{Heap before GC invocations=247 (full 13):
 PSYoungGen      total 455680K, used 410632K [0x00000000e0000000, 0x00000000ffa80000, 0x0000000100000000)
  eden space 398848K, 100% used [0x00000000e0000000,0x00000000f8580000,0x00000000f8580000)
  from space 56832K, 20% used [0x00000000f8580000,0x00000000f91021b0,0x00000000fbd00000)
  to   space 52224K, 0% used [0x00000000fc780000,0x00000000fc780000,0x00000000ffa80000)
 ParOldGen       total 809472K, used 690736K [0x00000000a0000000, 0x00000000d1680000, 0x00000000e0000000)
  object space 809472K, 85% used [0x00000000a0000000,0x00000000ca28c190,0x00000000d1680000)
 Metaspace       used 117583K, capacity 125498K, committed 131072K, reserved 1163264K
  class space    used 14607K, capacity 16343K, committed 16896K, reserved 1048576K
Event: 8457.706 GC heap after
Heap after GC invocations=247 (full 13):
 PSYoungGen      total 461312K, used 13376K [0x00000000e0000000, 0x00000000ff480000, 0x0000000100000000)
  eden space 415232K, 0% used [0x00000000e0000000,0x00000000e0000000,0x00000000f9580000)
  from space 46080K, 29% used [0x00000000fc780000,0x00000000fd490040,0x00000000ff480000)
  to   space 48640K, 0% used [0x00000000f9580000,0x00000000f9580000,0x00000000fc500000)
 ParOldGen       total 809472K, used 699454K [0x00000000a0000000, 0x00000000d1680000, 0x00000000e0000000)
  object space 809472K, 86% used [0x00000000a0000000,0x00000000cab0f8e8,0x00000000d1680000)
 Metaspace       used 117583K, capacity 125498K, committed 131072K, reserved 1163264K
  class space    used 14607K, capacity 16343K, committed 16896K, reserved 1048576K
}
Event: 8460.183 GC heap before
{Heap before GC invocations=248 (full 13):
 PSYoungGen      total 461312K, used 428608K [0x00000000e0000000, 0x00000000ff480000, 0x0000000100000000)
  eden space 415232K, 100% used [0x00000000e0000000,0x00000000f9580000,0x00000000f9580000)
  from space 46080K, 29% used [0x00000000fc780000,0x00000000fd490040,0x00000000ff480000)
  to   space 48640K, 0% used [0x00000000f9580000,0x00000000f9580000,0x00000000fc500000)
 ParOldGen       total 809472K, used 699454K [0x00000000a0000000, 0x00000000d1680000, 0x00000000e0000000)
  object space 809472K, 86% used [0x00000000a0000000,0x00000000cab0f8e8,0x00000000d1680000)
 Metaspace       used 121658K, capacity 129722K, committed 131200K, reserved 1163264K
  class space    used 15141K, capacity 16896K, committed 17024K, reserved 1048576K
Event: 8460.368 GC heap after
Heap after GC invocations=248 (full 13):
 PSYoungGen      total 463872K, used 48639K [0x00000000e0000000, 0x0000000100000000, 0x0000000100000000)
  eden space 415232K, 0% used [0x00000000e0000000,0x00000000e0000000,0x00000000f9580000)
  from space 48640K, 99% used [0x00000000f9580000,0x00000000fc4ffe38,0x00000000fc500000)
  to   space 60416K, 0% used [0x00000000fc500000,0x00000000fc500000,0x0000000100000000)
 ParOldGen       total 809472K, used 797262K [0x00000000a0000000, 0x00000000d1680000, 0x00000000e0000000)
  object space 809472K, 98% used [0x00000000a0000000,0x00000000d0a93a78,0x00000000d1680000)
 Metaspace       used 121658K, capacity 129722K, committed 131200K, reserved 1163264K
  class space    used 15141K, capacity 16896K, committed 17024K, reserved 1048576K
}
Event: 8460.368 GC heap before
{Heap before GC invocations=249 (full 14):
 PSYoungGen      total 463872K, used 48639K [0x00000000e0000000, 0x0000000100000000, 0x0000000100000000)
  eden space 415232K, 0% used [0x00000000e0000000,0x00000000e0000000,0x00000000f9580000)
  from space 48640K, 99% used [0x00000000f9580000,0x00000000fc4ffe38,0x00000000fc500000)
  to   space 60416K, 0% used [0x00000000fc500000,0x00000000fc500000,0x0000000100000000)
 ParOldGen       total 809472K, used 797262K [0x00000000a0000000, 0x00000000d1680000, 0x00000000e0000000)
  object space 809472K, 98% used [0x00000000a0000000,0x00000000d0a93a78,0x00000000d1680000)
 Metaspace       used 121658K, capacity 129722K, committed 131200K, reserved 1163264K
  class space    used 15141K, capacity 16896K, committed 17024K, reserved 1048576K

