# JRE version: OpenJDK Runtime Environment (8.0_152-b01) (build 1.8.0_152-release-915-b01)
# Java VM: OpenJDK 64-Bit Server VM (25.152-b01 mixed mode windows-amd64 compressed oops)
Heap:
 PSYoungGen      total 235008K, used 59797K [0x00000000e0000000, 0x00000000fee00000, 0x0000000100000000)
  eden space 175104K, 0% used [0x00000000e0000000,0x00000000e0000000,0x00000000eab00000)
  from space 59904K, 99% used [0x00000000eab00000,0x00000000ee5655b8,0x00000000ee580000)
  to   space 165376K, 0% used [0x00000000f4c80000,0x00000000f4c80000,0x00000000fee00000)
 ParOldGen       total 1048576K, used 1007440K [0x00000000a0000000, 0x00000000e0000000, 0x00000000e0000000)
  object space 1048576K, 96% used [0x00000000a0000000,0x00000000dd7d4360,0x00000000e0000000)
 Metaspace       used 134558K, capacity 142636K, committed 143360K, reserved 1175552K
  class space    used 15897K, capacity 17703K, committed 17920K, reserved 1048576K
GC Heap History (10 events):
Event: 7564.144 GC heap after
Heap after GC invocations=591 (full 19):
 PSYoungGen      total 349696K, used 22651K [0x00000000e0000000, 0x0000000100000000, 0x0000000100000000)
  eden space 175104K, 0% used [0x00000000e0000000,0x00000000e0000000,0x00000000eab00000)
  from space 174592K, 12% used [0x00000000eab00000,0x00000000ec11efe0,0x00000000f5580000)
  to   space 174592K, 0% used [0x00000000f5580000,0x00000000f5580000,0x0000000100000000)
 ParOldGen       total 1048576K, used 924683K [0x00000000a0000000, 0x00000000e0000000, 0x00000000e0000000)
  object space 1048576K, 88% used [0x00000000a0000000,0x00000000d8702d38,0x00000000e0000000)
 Metaspace       used 134558K, capacity 142636K, committed 143360K, reserved 1175552K
  class space    used 15897K, capacity 17703K, committed 17920K, reserved 1048576K
}
Event: 7564.310 GC heap before
{Heap before GC invocations=592 (full 19):
 PSYoungGen      total 349696K, used 197755K [0x00000000e0000000, 0x0000000100000000, 0x0000000100000000)
  eden space 175104K, 100% used [0x00000000e0000000,0x00000000eab00000,0x00000000eab00000)
  from space 174592K, 12% used [0x00000000eab00000,0x00000000ec11efe0,0x00000000f5580000)
  to   space 174592K, 0% used [0x00000000f5580000,0x00000000f5580000,0x0000000100000000)
 ParOldGen       total 1048576K, used 924683K [0x00000000a0000000, 0x00000000e0000000, 0x00000000e0000000)
  object space 1048576K, 88% used [0x00000000a0000000,0x00000000d8702d38,0x00000000e0000000)
 Metaspace       used 134558K, capacity 142636K, committed 143360K, reserved 1175552K
  class space    used 15897K, capacity 17703K, committed 17920K, reserved 1048576K
Event: 7564.354 GC heap after
Heap after GC invocations=592 (full 19):
 PSYoungGen      total 349696K, used 28078K [0x00000000e0000000, 0x0000000100000000, 0x0000000100000000)
  eden space 175104K, 0% used [0x00000000e0000000,0x00000000e0000000,0x00000000eab00000)
  from space 174592K, 16% used [0x00000000f5580000,0x00000000f70ebac8,0x0000000100000000)
  to   space 174592K, 0% used [0x00000000eab00000,0x00000000eab00000,0x00000000f5580000)
 ParOldGen       total 1048576K, used 944692K [0x00000000a0000000, 0x00000000e0000000, 0x00000000e0000000)
  object space 1048576K, 90% used [0x00000000a0000000,0x00000000d9a8d140,0x00000000e0000000)
 Metaspace       used 134558K, capacity 142636K, committed 143360K, reserved 1175552K
  class space    used 15897K, capacity 17703K, committed 17920K, reserved 1048576K
}
Event: 7564.682 GC heap before
{Heap before GC invocations=593 (full 19):
 PSYoungGen      total 349696K, used 203182K [0x00000000e0000000, 0x0000000100000000, 0x0000000100000000)
  eden space 175104K, 100% used [0x00000000e0000000,0x00000000eab00000,0x00000000eab00000)
  from space 174592K, 16% used [0x00000000f5580000,0x00000000f70ebac8,0x0000000100000000)
  to   space 174592K, 0% used [0x00000000eab00000,0x00000000eab00000,0x00000000f5580000)
 ParOldGen       total 1048576K, used 944692K [0x00000000a0000000, 0x00000000e0000000, 0x00000000e0000000)
  object space 1048576K, 90% used [0x00000000a0000000,0x00000000d9a8d140,0x00000000e0000000)
 Metaspace       used 134558K, capacity 142636K, committed 143360K, reserved 1175552K
  class space    used 15897K, capacity 17703K, committed 17920K, reserved 1048576K
Event: 7564.722 GC heap after
Heap after GC invocations=593 (full 19):
 PSYoungGen      total 349696K, used 16648K [0x00000000e0000000, 0x0000000100000000, 0x0000000100000000)
  eden space 175104K, 0% used [0x00000000e0000000,0x00000000e0000000,0x00000000eab00000)
  from space 174592K, 9% used [0x00000000eab00000,0x00000000ebb42128,0x00000000f5580000)
  to   space 174592K, 0% used [0x00000000f5580000,0x00000000f5580000,0x0000000100000000)
 ParOldGen       total 1048576K, used 965773K [0x00000000a0000000, 0x00000000e0000000, 0x00000000e0000000)
  object space 1048576K, 92% used [0x00000000a0000000,0x00000000daf237b0,0x00000000e0000000)
 Metaspace       used 134558K, capacity 142636K, committed 143360K, reserved 1175552K
  class space    used 15897K, capacity 17703K, committed 17920K, reserved 1048576K
}
Event: 7564.879 GC heap before
{Heap before GC invocations=594 (full 19):
 PSYoungGen      total 349696K, used 191752K [0x00000000e0000000, 0x0000000100000000, 0x0000000100000000)
  eden space 175104K, 100% used [0x00000000e0000000,0x00000000eab00000,0x00000000eab00000)
  from space 174592K, 9% used [0x00000000eab00000,0x00000000ebb42128,0x00000000f5580000)
  to   space 174592K, 0% used [0x00000000f5580000,0x00000000f5580000,0x0000000100000000)
 ParOldGen       total 1048576K, used 965773K [0x00000000a0000000, 0x00000000e0000000, 0x00000000e0000000)
  object space 1048576K, 92% used [0x00000000a0000000,0x00000000daf237b0,0x00000000e0000000)
 Metaspace       used 134558K, capacity 142636K, committed 143360K, reserved 1175552K
  class space    used 15897K, capacity 17703K, committed 17920K, reserved 1048576K
Event: 7564.915 GC heap after
Heap after GC invocations=594 (full 19):
 PSYoungGen      total 349696K, used 31283K [0x00000000e0000000, 0x0000000100000000, 0x0000000100000000)
  eden space 175104K, 0% used [0x00000000e0000000,0x00000000e0000000,0x00000000eab00000)
  from space 174592K, 17% used [0x00000000f5580000,0x00000000f740cc40,0x0000000100000000)
  to   space 174592K, 0% used [0x00000000eab00000,0x00000000eab00000,0x00000000f5580000)
 ParOldGen       total 1048576K, used 981767K [0x00000000a0000000, 0x00000000e0000000, 0x00000000e0000000)
  object space 1048576K, 93% used [0x00000000a0000000,0x00000000dbec1e28,0x00000000e0000000)
 Metaspace       used 134558K, capacity 142636K, committed 143360K, reserved 1175552K
  class space    used 15897K, capacity 17703K, committed 17920K, reserved 1048576K
}
Event: 7565.542 GC heap before
{Heap before GC invocations=595 (full 19):
 PSYoungGen      total 349696K, used 206387K [0x00000000e0000000, 0x0000000100000000, 0x0000000100000000)
  eden space 175104K, 100% used [0x00000000e0000000,0x00000000eab00000,0x00000000eab00000)
  from space 174592K, 17% used [0x00000000f5580000,0x00000000f740cc40,0x0000000100000000)
  to   space 174592K, 0% used [0x00000000eab00000,0x00000000eab00000,0x00000000f5580000)
 ParOldGen       total 1048576K, used 981767K [0x00000000a0000000, 0x00000000e0000000, 0x00000000e0000000)
  object space 1048576K, 93% used [0x00000000a0000000,0x00000000dbec1e28,0x00000000e0000000)
 Metaspace       used 134558K, capacity 142636K, committed 143360K, reserved 1175552K
  class space    used 15897K, capacity 17703K, committed 17920K, reserved 1048576K
Event: 7565.602 GC heap after
Heap after GC invocations=595 (full 19):
 PSYoungGen      total 235008K, used 59797K [0x00000000e0000000, 0x00000000fee00000, 0x0000000100000000)
  eden space 175104K, 0% used [0x00000000e0000000,0x00000000e0000000,0x00000000eab00000)
  from space 59904K, 99% used [0x00000000eab00000,0x00000000ee5655b8,0x00000000ee580000)
  to   space 165376K, 0% used [0x00000000f4c80000,0x00000000f4c80000,0x00000000fee00000)
 ParOldGen       total 1048576K, used 1007440K [0x00000000a0000000, 0x00000000e0000000, 0x00000000e0000000)
  object space 1048576K, 96% used [0x00000000a0000000,0x00000000dd7d4360,0x00000000e0000000)
 Metaspace       used 134558K, capacity 142636K, committed 143360K, reserved 1175552K
  class space    used 15897K, capacity 17703K, committed 17920K, reserved 1048576K
}
Event: 7565.602 GC heap before
{Heap before GC invocations=596 (full 20):
 PSYoungGen      total 235008K, used 59797K [0x00000000e0000000, 0x00000000fee00000, 0x0000000100000000)
  eden space 175104K, 0% used [0x00000000e0000000,0x00000000e0000000,0x00000000eab00000)
  from space 59904K, 99% used [0x00000000eab00000,0x00000000ee5655b8,0x00000000ee580000)
  to   space 165376K, 0% used [0x00000000f4c80000,0x00000000f4c80000,0x00000000fee00000)
 ParOldGen       total 1048576K, used 1007440K [0x00000000a0000000, 0x00000000e0000000, 0x00000000e0000000)
  object space 1048576K, 96% used [0x00000000a0000000,0x00000000dd7d4360,0x00000000e0000000)
 Metaspace       used 134558K, capacity 142636K, committed 143360K, reserved 1175552K
  class space    used 15897K, capacity 17703K, committed 17920K, reserved 1048576K

