# JRE version: OpenJDK Runtime Environment (8.0_152-b01) (build 1.8.0_152-release-915-b01)
# Java VM: OpenJDK 64-Bit Server VM (25.152-b01 mixed mode windows-amd64 compressed oops)
Heap:
 PSYoungGen      total 412672K, used 308394K [0x00000000e0000000, 0x0000000100000000, 0x0000000100000000)
  eden space 322560K, 95% used [0x00000000e0000000,0x00000000f2d2a900,0x00000000f3b00000)
  from space 90112K, 0% used [0x00000000fa800000,0x00000000fa800000,0x0000000100000000)
  to   space 100864K, 0% used [0x00000000f3b00000,0x00000000f3b00000,0x00000000f9d80000)
 ParOldGen       total 1048576K, used 826833K [0x00000000a0000000, 0x00000000e0000000, 0x00000000e0000000)
  object space 1048576K, 78% used [0x00000000a0000000,0x00000000d27745e0,0x00000000e0000000)
 Metaspace       used 101101K, capacity 106118K, committed 106496K, reserved 1142784K
  class space    used 12173K, capacity 13236K, committed 13312K, reserved 1048576K
GC Heap History (10 events):
Event: 122.290 GC heap before
{Heap before GC invocations=51 (full 6):
 PSYoungGen      total 427520K, used 391431K [0x00000000e0000000, 0x00000000ff900000, 0x0000000100000000)
  eden space 345088K, 100% used [0x00000000e0000000,0x00000000f5100000,0x00000000f5100000)
  from space 82432K, 56% used [0x00000000fa880000,0x00000000fd5c1ec0,0x00000000ff900000)
  to   space 86016K, 0% used [0x00000000f5100000,0x00000000f5100000,0x00000000fa500000)
 ParOldGen       total 852992K, used 625850K [0x00000000a0000000, 0x00000000d4100000, 0x00000000e0000000)
  object space 852992K, 73% used [0x00000000a0000000,0x00000000c632ead8,0x00000000d4100000)
 Metaspace       used 100818K, capacity 105798K, committed 105984K, reserved 1142784K
  class space    used 12162K, capacity 13236K, committed 13312K, reserved 1048576K
Event: 122.381 GC heap after
Heap after GC invocations=51 (full 6):
 PSYoungGen      total 431104K, used 48481K [0x00000000e0000000, 0x00000000ffe80000, 0x0000000100000000)
  eden space 345088K, 0% used [0x00000000e0000000,0x00000000e0000000,0x00000000f5100000)
  from space 86016K, 56% used [0x00000000f5100000,0x00000000f80586f8,0x00000000fa500000)
  to   space 83456K, 0% used [0x00000000fad00000,0x00000000fad00000,0x00000000ffe80000)
 ParOldGen       total 852992K, used 670858K [0x00000000a0000000, 0x00000000d4100000, 0x00000000e0000000)
  object space 852992K, 78% used [0x00000000a0000000,0x00000000c8f22b20,0x00000000d4100000)
 Metaspace       used 100818K, capacity 105798K, committed 105984K, reserved 1142784K
  class space    used 12162K, capacity 13236K, committed 13312K, reserved 1048576K
}
Event: 122.934 GC heap before
{Heap before GC invocations=52 (full 6):
 PSYoungGen      total 431104K, used 393569K [0x00000000e0000000, 0x00000000ffe80000, 0x0000000100000000)
  eden space 345088K, 100% used [0x00000000e0000000,0x00000000f5100000,0x00000000f5100000)
  from space 86016K, 56% used [0x00000000f5100000,0x00000000f80586f8,0x00000000fa500000)
  to   space 83456K, 0% used [0x00000000fad00000,0x00000000fad00000,0x00000000ffe80000)
 ParOldGen       total 852992K, used 670858K [0x00000000a0000000, 0x00000000d4100000, 0x00000000e0000000)
  object space 852992K, 78% used [0x00000000a0000000,0x00000000c8f22b20,0x00000000d4100000)
 Metaspace       used 100818K, capacity 105798K, committed 105984K, reserved 1142784K
  class space    used 12162K, capacity 13236K, committed 13312K, reserved 1048576K
Event: 123.012 GC heap after
Heap after GC invocations=52 (full 6):
 PSYoungGen      total 429056K, used 44053K [0x00000000e0000000, 0x00000000ff580000, 0x0000000100000000)
  eden space 354816K, 0% used [0x00000000e0000000,0x00000000e0000000,0x00000000f5a80000)
  from space 74240K, 59% used [0x00000000fad00000,0x00000000fd805700,0x00000000ff580000)
  to   space 79360K, 0% used [0x00000000f5a80000,0x00000000f5a80000,0x00000000fa800000)
 ParOldGen       total 852992K, used 712529K [0x00000000a0000000, 0x00000000d4100000, 0x00000000e0000000)
  object space 852992K, 83% used [0x00000000a0000000,0x00000000cb7d4510,0x00000000d4100000)
 Metaspace       used 100818K, capacity 105798K, committed 105984K, reserved 1142784K
  class space    used 12162K, capacity 13236K, committed 13312K, reserved 1048576K
}
Event: 124.562 GC heap before
{Heap before GC invocations=53 (full 6):
 PSYoungGen      total 429056K, used 398869K [0x00000000e0000000, 0x00000000ff580000, 0x0000000100000000)
  eden space 354816K, 100% used [0x00000000e0000000,0x00000000f5a80000,0x00000000f5a80000)
  from space 74240K, 59% used [0x00000000fad00000,0x00000000fd805700,0x00000000ff580000)
  to   space 79360K, 0% used [0x00000000f5a80000,0x00000000f5a80000,0x00000000fa800000)
 ParOldGen       total 852992K, used 712529K [0x00000000a0000000, 0x00000000d4100000, 0x00000000e0000000)
  object space 852992K, 83% used [0x00000000a0000000,0x00000000cb7d4510,0x00000000d4100000)
 Metaspace       used 100819K, capacity 105798K, committed 105984K, reserved 1142784K
  class space    used 12162K, capacity 13236K, committed 13312K, reserved 1048576K
Event: 124.659 GC heap after
Heap after GC invocations=53 (full 6):
 PSYoungGen      total 434176K, used 79330K [0x00000000e0000000, 0x0000000100000000, 0x0000000100000000)
  eden space 354816K, 0% used [0x00000000e0000000,0x00000000e0000000,0x00000000f5a80000)
  from space 79360K, 99% used [0x00000000f5a80000,0x00000000fa7f8b98,0x00000000fa800000)
  to   space 90112K, 0% used [0x00000000fa800000,0x00000000fa800000,0x0000000100000000)
 ParOldGen       total 852992K, used 755822K [0x00000000a0000000, 0x00000000d4100000, 0x00000000e0000000)
  object space 852992K, 88% used [0x00000000a0000000,0x00000000ce21bbb0,0x00000000d4100000)
 Metaspace       used 100819K, capacity 105798K, committed 105984K, reserved 1142784K
  class space    used 12162K, capacity 13236K, committed 13312K, reserved 1048576K
}
Event: 125.395 GC heap before
{Heap before GC invocations=54 (full 6):
 PSYoungGen      total 434176K, used 434146K [0x00000000e0000000, 0x0000000100000000, 0x0000000100000000)
  eden space 354816K, 100% used [0x00000000e0000000,0x00000000f5a80000,0x00000000f5a80000)
  from space 79360K, 99% used [0x00000000f5a80000,0x00000000fa7f8b98,0x00000000fa800000)
  to   space 90112K, 0% used [0x00000000fa800000,0x00000000fa800000,0x0000000100000000)
 ParOldGen       total 852992K, used 755822K [0x00000000a0000000, 0x00000000d4100000, 0x00000000e0000000)
  object space 852992K, 88% used [0x00000000a0000000,0x00000000ce21bbb0,0x00000000d4100000)
 Metaspace       used 100819K, capacity 105798K, committed 105984K, reserved 1142784K
  class space    used 12162K, capacity 13236K, committed 13312K, reserved 1048576K
Event: 125.461 GC heap after
Heap after GC invocations=54 (full 6):
 PSYoungGen      total 412672K, used 55900K [0x00000000e0000000, 0x0000000100000000, 0x0000000100000000)
  eden space 322560K, 0% used [0x00000000e0000000,0x00000000e0000000,0x00000000f3b00000)
  from space 90112K, 62% used [0x00000000fa800000,0x00000000fde97018,0x0000000100000000)
  to   space 100864K, 0% used [0x00000000f3b00000,0x00000000f3b00000,0x00000000f9d80000)
 ParOldGen       total 852992K, used 778345K [0x00000000a0000000, 0x00000000d4100000, 0x00000000e0000000)
  object space 852992K, 91% used [0x00000000a0000000,0x00000000cf81a7e0,0x00000000d4100000)
 Metaspace       used 100819K, capacity 105798K, committed 105984K, reserved 1142784K
  class space    used 12162K, capacity 13236K, committed 13312K, reserved 1048576K
}
Event: 125.461 GC heap before
{Heap before GC invocations=55 (full 7):
 PSYoungGen      total 412672K, used 55900K [0x00000000e0000000, 0x0000000100000000, 0x0000000100000000)
  eden space 322560K, 0% used [0x00000000e0000000,0x00000000e0000000,0x00000000f3b00000)
  from space 90112K, 62% used [0x00000000fa800000,0x00000000fde97018,0x0000000100000000)
  to   space 100864K, 0% used [0x00000000f3b00000,0x00000000f3b00000,0x00000000f9d80000)
 ParOldGen       total 852992K, used 778345K [0x00000000a0000000, 0x00000000d4100000, 0x00000000e0000000)
  object space 852992K, 91% used [0x00000000a0000000,0x00000000cf81a7e0,0x00000000d4100000)
 Metaspace       used 100819K, capacity 105798K, committed 105984K, reserved 1142784K
  class space    used 12162K, capacity 13236K, committed 13312K, reserved 1048576K
Event: 127.542 GC heap after
Heap after GC invocations=55 (full 7):
 PSYoungGen      total 412672K, used 0K [0x00000000e0000000, 0x0000000100000000, 0x0000000100000000)
  eden space 322560K, 0% used [0x00000000e0000000,0x00000000e0000000,0x00000000f3b00000)
  from space 90112K, 0% used [0x00000000fa800000,0x00000000fa800000,0x0000000100000000)
  to   space 100864K, 0% used [0x00000000f3b00000,0x00000000f3b00000,0x00000000f9d80000)
 ParOldGen       total 1048576K, used 826833K [0x00000000a0000000, 0x00000000e0000000, 0x00000000e0000000)
  object space 1048576K, 78% used [0x00000000a0000000,0x00000000d27745e0,0x00000000e0000000)
 Metaspace       used 100819K, capacity 105798K, committed 105984K, reserved 1142784K
  class space    used 12162K, capacity 13236K, committed 13312K, reserved 1048576K
}

