# JRE version: OpenJDK Runtime Environment (8.0_152-b01) (build 1.8.0_152-release-915-b01)
# Java VM: OpenJDK 64-Bit Server VM (25.152-b01 mixed mode windows-amd64 compressed oops)
Heap:
 PSYoungGen      total 400384K, used 338775K [0x00000000e0000000, 0x00000000ff100000, 0x0000000100000000)
  eden space 311296K, 100% used [0x00000000e0000000,0x00000000f3000000,0x00000000f3000000)
  from space 89088K, 30% used [0x00000000f9a00000,0x00000000fb4d5e08,0x00000000ff100000)
  to   space 98816K, 30% used [0x00000000f3000000,0x00000000f4d590e0,0x00000000f9080000)
 ParOldGen       total 514048K, used 263840K [0x00000000a0000000, 0x00000000bf600000, 0x00000000e0000000)
  object space 514048K, 51% used [0x00000000a0000000,0x00000000b01a8268,0x00000000bf600000)
 Metaspace       used 69488K, capacity 72040K, committed 72408K, reserved 1112064K
  class space    used 9001K, capacity 9618K, committed 9728K, reserved 1048576K
GC Heap History (10 events):
Event: 29.146 GC heap after
Heap after GC invocations=14 (full 3):
 PSYoungGen      total 366080K, used 29154K [0x00000000e0000000, 0x0000000100000000, 0x0000000100000000)
  eden space 336896K, 0% used [0x00000000e0000000,0x00000000e0000000,0x00000000f4900000)
  from space 29184K, 99% used [0x00000000f4900000,0x00000000f65789f0,0x00000000f6580000)
  to   space 57344K, 0% used [0x00000000fc800000,0x00000000fc800000,0x0000000100000000)
 ParOldGen       total 220672K, used 118785K [0x00000000a0000000, 0x00000000ad780000, 0x00000000e0000000)
  object space 220672K, 53% used [0x00000000a0000000,0x00000000a74004b8,0x00000000ad780000)
 Metaspace       used 63331K, capacity 65548K, committed 65752K, reserved 1105920K
  class space    used 8420K, capacity 8953K, committed 8960K, reserved 1048576K
}
Event: 30.857 GC heap before
{Heap before GC invocations=15 (full 3):
 PSYoungGen      total 366080K, used 366050K [0x00000000e0000000, 0x0000000100000000, 0x0000000100000000)
  eden space 336896K, 100% used [0x00000000e0000000,0x00000000f4900000,0x00000000f4900000)
  from space 29184K, 99% used [0x00000000f4900000,0x00000000f65789f0,0x00000000f6580000)
  to   space 57344K, 0% used [0x00000000fc800000,0x00000000fc800000,0x0000000100000000)
 ParOldGen       total 220672K, used 118785K [0x00000000a0000000, 0x00000000ad780000, 0x00000000e0000000)
  object space 220672K, 53% used [0x00000000a0000000,0x00000000a74004b8,0x00000000ad780000)
 Metaspace       used 66702K, capacity 69106K, committed 69208K, reserved 1110016K
  class space    used 8795K, capacity 9341K, committed 9344K, reserved 1048576K
Event: 31.013 GC heap after
Heap after GC invocations=15 (full 3):
 PSYoungGen      total 364544K, used 57323K [0x00000000e0000000, 0x0000000100000000, 0x0000000100000000)
  eden space 307200K, 0% used [0x00000000e0000000,0x00000000e0000000,0x00000000f2c00000)
  from space 57344K, 99% used [0x00000000fc800000,0x00000000ffffaff0,0x0000000100000000)
  to   space 108544K, 0% used [0x00000000f2c00000,0x00000000f2c00000,0x00000000f9600000)
 ParOldGen       total 234496K, used 231774K [0x00000000a0000000, 0x00000000ae500000, 0x00000000e0000000)
  object space 234496K, 98% used [0x00000000a0000000,0x00000000ae2579d8,0x00000000ae500000)
 Metaspace       used 66702K, capacity 69106K, committed 69208K, reserved 1110016K
  class space    used 8795K, capacity 9341K, committed 9344K, reserved 1048576K
}
Event: 31.013 GC heap before
{Heap before GC invocations=16 (full 4):
 PSYoungGen      total 364544K, used 57323K [0x00000000e0000000, 0x0000000100000000, 0x0000000100000000)
  eden space 307200K, 0% used [0x00000000e0000000,0x00000000e0000000,0x00000000f2c00000)
  from space 57344K, 99% used [0x00000000fc800000,0x00000000ffffaff0,0x0000000100000000)
  to   space 108544K, 0% used [0x00000000f2c00000,0x00000000f2c00000,0x00000000f9600000)
 ParOldGen       total 234496K, used 231774K [0x00000000a0000000, 0x00000000ae500000, 0x00000000e0000000)
  object space 234496K, 98% used [0x00000000a0000000,0x00000000ae2579d8,0x00000000ae500000)
 Metaspace       used 66702K, capacity 69106K, committed 69208K, reserved 1110016K
  class space    used 8795K, capacity 9341K, committed 9344K, reserved 1048576K
Event: 31.756 GC heap after
Heap after GC invocations=16 (full 4):
 PSYoungGen      total 364544K, used 32050K [0x00000000e0000000, 0x0000000100000000, 0x0000000100000000)
  eden space 307200K, 0% used [0x00000000e0000000,0x00000000e0000000,0x00000000f2c00000)
  from space 57344K, 55% used [0x00000000fc800000,0x00000000fe74ca58,0x0000000100000000)
  to   space 108544K, 0% used [0x00000000f2c00000,0x00000000f2c00000,0x00000000f9600000)
 ParOldGen       total 514048K, used 234406K [0x00000000a0000000, 0x00000000bf600000, 0x00000000e0000000)
  object space 514048K, 45% used [0x00000000a0000000,0x00000000ae4e9ab0,0x00000000bf600000)
 Metaspace       used 66702K, capacity 69106K, committed 69208K, reserved 1110016K
  class space    used 8795K, capacity 9341K, committed 9344K, reserved 1048576K
}
Event: 35.063 GC heap before
{Heap before GC invocations=17 (full 4):
 PSYoungGen      total 364544K, used 339250K [0x00000000e0000000, 0x0000000100000000, 0x0000000100000000)
  eden space 307200K, 100% used [0x00000000e0000000,0x00000000f2c00000,0x00000000f2c00000)
  from space 57344K, 55% used [0x00000000fc800000,0x00000000fe74ca58,0x0000000100000000)
  to   space 108544K, 0% used [0x00000000f2c00000,0x00000000f2c00000,0x00000000f9600000)
 ParOldGen       total 514048K, used 234406K [0x00000000a0000000, 0x00000000bf600000, 0x00000000e0000000)
  object space 514048K, 45% used [0x00000000a0000000,0x00000000ae4e9ab0,0x00000000bf600000)
 Metaspace       used 68666K, capacity 71090K, committed 71384K, reserved 1112064K
  class space    used 8929K, capacity 9469K, committed 9472K, reserved 1048576K
Event: 35.129 GC heap after
Heap after GC invocations=17 (full 4):
 PSYoungGen      total 415744K, used 18963K [0x00000000e0000000, 0x0000000100000000, 0x0000000100000000)
  eden space 307200K, 0% used [0x00000000e0000000,0x00000000e0000000,0x00000000f2c00000)
  from space 108544K, 17% used [0x00000000f2c00000,0x00000000f3e84c00,0x00000000f9600000)
  to   space 104448K, 0% used [0x00000000f9a00000,0x00000000f9a00000,0x0000000100000000)
 ParOldGen       total 514048K, used 263824K [0x00000000a0000000, 0x00000000bf600000, 0x00000000e0000000)
  object space 514048K, 51% used [0x00000000a0000000,0x00000000b01a4268,0x00000000bf600000)
 Metaspace       used 68666K, capacity 71090K, committed 71384K, reserved 1112064K
  class space    used 8929K, capacity 9469K, committed 9472K, reserved 1048576K
}
Event: 37.801 GC heap before
{Heap before GC invocations=18 (full 4):
 PSYoungGen      total 415744K, used 326163K [0x00000000e0000000, 0x0000000100000000, 0x0000000100000000)
  eden space 307200K, 100% used [0x00000000e0000000,0x00000000f2c00000,0x00000000f2c00000)
  from space 108544K, 17% used [0x00000000f2c00000,0x00000000f3e84c00,0x00000000f9600000)
  to   space 104448K, 0% used [0x00000000f9a00000,0x00000000f9a00000,0x0000000100000000)
 ParOldGen       total 514048K, used 263824K [0x00000000a0000000, 0x00000000bf600000, 0x00000000e0000000)
  object space 514048K, 51% used [0x00000000a0000000,0x00000000b01a4268,0x00000000bf600000)
 Metaspace       used 68888K, capacity 71282K, committed 71384K, reserved 1112064K
  class space    used 8929K, capacity 9469K, committed 9472K, reserved 1048576K
Event: 37.835 GC heap after
Heap after GC invocations=18 (full 4):
 PSYoungGen      total 400384K, used 27479K [0x00000000e0000000, 0x00000000ff100000, 0x0000000100000000)
  eden space 311296K, 0% used [0x00000000e0000000,0x00000000e0000000,0x00000000f3000000)
  from space 89088K, 30% used [0x00000000f9a00000,0x00000000fb4d5e08,0x00000000ff100000)
  to   space 98816K, 0% used [0x00000000f3000000,0x00000000f3000000,0x00000000f9080000)
 ParOldGen       total 514048K, used 263832K [0x00000000a0000000, 0x00000000bf600000, 0x00000000e0000000)
  object space 514048K, 51% used [0x00000000a0000000,0x00000000b01a6268,0x00000000bf600000)
 Metaspace       used 68888K, capacity 71282K, committed 71384K, reserved 1112064K
  class space    used 8929K, capacity 9469K, committed 9472K, reserved 1048576K
}
Event: 42.108 GC heap before
{Heap before GC invocations=19 (full 4):
 PSYoungGen      total 400384K, used 338775K [0x00000000e0000000, 0x00000000ff100000, 0x0000000100000000)
  eden space 311296K, 100% used [0x00000000e0000000,0x00000000f3000000,0x00000000f3000000)
  from space 89088K, 30% used [0x00000000f9a00000,0x00000000fb4d5e08,0x00000000ff100000)
  to   space 98816K, 0% used [0x00000000f3000000,0x00000000f3000000,0x00000000f9080000)
 ParOldGen       total 514048K, used 263832K [0x00000000a0000000, 0x00000000bf600000, 0x00000000e0000000)
  object space 514048K, 51% used [0x00000000a0000000,0x00000000b01a6268,0x00000000bf600000)
 Metaspace       used 69488K, capacity 72040K, committed 72408K, reserved 1112064K
  class space    used 9001K, capacity 9618K, committed 9728K, reserved 1048576K

